------- FILE cart.asm LEVEL 1 PASS 2
      1  fffe					      processor	6502
      2  10000 ????
------- FILE vcs.h LEVEL 2 PASS 2
      0  10000 ????				       include	"vcs.h"
      1  10000 ????						; VCS.H
      2  10000 ????						; Version 1.05, 13/November/2003
      3  10000 ????
      4  10000 ????		00 69	    VERSION_VCS =	105
      5  10000 ????
      6  10000 ????						; THIS IS A PRELIMINARY RELEASE OF *THE* "STANDARD" VCS.H
      7  10000 ????						; THIS FILE IS EXPLICITLY SUPPORTED AS A DASM-PREFERRED COMPANION FILE
      8  10000 ????						; PLEASE DO *NOT* REDISTRIBUTE THIS FILE!
      9  10000 ????						;
     10  10000 ????						; This file defines hardware registers and memory mapping for the
     11  10000 ????						; Atari 2600. It is distributed as a companion machine-specific support package
     12  10000 ????						; for the DASM compiler. Updates to this file, DASM, and associated tools are
     13  10000 ????						; available at at http://www.atari2600.org/dasm
     14  10000 ????						;
     15  10000 ????						; Many thanks to the original author(s) of this file, and to everyone who has
     16  10000 ????						; contributed to understanding the Atari 2600.  If you take issue with the
     17  10000 ????						; contents, or naming of registers, please write to me (atari2600@taswegian.com)
     18  10000 ????						; with your views.  Please contribute, if you think you can improve this
     19  10000 ????						; file!
     20  10000 ????						;
     21  10000 ????						; Latest Revisions...
     22  10000 ????						; 1.05  13/NOV/2003	  - Correction to 1.04 - now functions as requested by MR.
     23  10000 ????						;			  - Added VERSION_VCS equate (which will reflect 100x version #)
     24  10000 ????						;			    This will allow conditional code to verify VCS.H being
     25  10000 ????						;			    used for code assembly.
     26  10000 ????						; 1.04  12/NOV/2003	 Added TIA_BASE_WRITE_ADDRESS and TIA_BASE_READ_ADDRESS for
     27  10000 ????						;			 convenient disassembly/reassembly compatibility for hardware
     28  10000 ????						;			 mirrored reading/writing differences.	This is more a 
     29  10000 ????						;			 readability issue, and binary compatibility with disassembled
     30  10000 ????						;			 and reassembled sources.  Per Manuel Rotschkar's suggestion.
     31  10000 ????						; 1.03  12/MAY/2003	 Added SEG segment at end of file to fix old-code compatibility
     32  10000 ????						;			 which was broken by the use of segments in this file, as
     33  10000 ????						;			 reported by Manuel Polik on [stella] 11/MAY/2003
     34  10000 ????						; 1.02  22/MAR/2003	 Added TIMINT($285)
     35  10000 ????						; 1.01				Constant offset added to allow use for 3F-style bankswitching
     36  10000 ????						;						 - define TIA_BASE_ADDRESS as $40 for Tigervision carts, otherwise
     37  10000 ????						;						   it is safe to leave it undefined, and the base address will
     38  10000 ????						;						   be set to 0.  Thanks to Eckhard Stolberg for the suggestion.
     39  10000 ????						;			    Note, may use -DLABEL=EXPRESSION to define TIA_BASE_ADDRESS
     40  10000 ????						;			  - register definitions are now generated through assignment
     41  10000 ????						;			    in uninitialised segments.	This allows a changeable base
     42  10000 ????						;			    address architecture.
     43  10000 ????						; 1.0	22/MAR/2003		Initial release
     44  10000 ????
     45  10000 ????
     46  10000 ????						;-------------------------------------------------------------------------------
     47  10000 ????
     48  10000 ????						; TIA_BASE_ADDRESS
     49  10000 ????						; The TIA_BASE_ADDRESS defines the base address of access to TIA registers.
     50  10000 ????						; Normally 0, the base address should (externally, before including this file)
     51  10000 ????						; be set to $40 when creating 3F-bankswitched (and other?) cartridges.
     52  10000 ????						; The reason is that this bankswitching scheme treats any access to locations
     53  10000 ????						; < $40 as a bankswitch.
     54  10000 ????
     55  10000 ????			   -	       IFNCONST	TIA_BASE_ADDRESS
     56  10000 ????			   -TIA_BASE_ADDRESS =	0
     57  10000 ????				       ENDIF
     58  10000 ????
     59  10000 ????						; Note: The address may be defined on the command-line using the -D switch, eg:
     60  10000 ????						; dasm.exe code.asm -DTIA_BASE_ADDRESS=$40 -f3 -v5 -ocode.bin
     61  10000 ????						; *OR* by declaring the label before including this file, eg:
     62  10000 ????						; TIA_BASE_ADDRESS = $40
     63  10000 ????						;   include "vcs.h"
     64  10000 ????
     65  10000 ????						; Alternate read/write address capability - allows for some disassembly compatibility
     66  10000 ????						; usage ; to allow reassembly to binary perfect copies).  This is essentially catering
     67  10000 ????						; for the mirrored ROM hardware registers.
     68  10000 ????
     69  10000 ????						; Usage: As per above, define the TIA_BASE_READ_ADDRESS and/or TIA_BASE_WRITE_ADDRESS
     70  10000 ????						; using the -D command-line switch, as required.  If the addresses are not defined, 
     71  10000 ????						; they defaut to the TIA_BASE_ADDRESS.
     72  10000 ????
     73  10000 ????			   -	       IFNCONST	TIA_BASE_READ_ADDRESS
     74  10000 ????			   -TIA_BASE_READ_ADDRESS =	TIA_BASE_ADDRESS
     75  10000 ????				       ENDIF
     76  10000 ????
     77  10000 ????			   -	       IFNCONST	TIA_BASE_WRITE_ADDRESS
     78  10000 ????			   -TIA_BASE_WRITE_ADDRESS =	TIA_BASE_ADDRESS
     79  10000 ????				       ENDIF
     80  10000 ????
     81  10000 ????						;-------------------------------------------------------------------------------
     82  10000 ????
     83 U002d ????				      SEG.U	TIA_REGISTERS_WRITE
     84 U0000					      ORG	TIA_BASE_WRITE_ADDRESS
     85 U0000
     86 U0000							; DO NOT CHANGE THE RELATIVE ORDERING OF REGISTERS!
     87 U0000
     88 U0000		       00	   VSYNC      ds	1	; $00	 0000 00x0   Vertical Sync Set-Clear
     89 U0001		       00	   VBLANK     ds	1	; $01	 xx00 00x0   Vertical Blank Set-Clear
     90 U0002		       00	   WSYNC      ds	1	; $02	 ---- ----   Wait for Horizontal Blank
     91 U0003		       00	   RSYNC      ds	1	; $03	 ---- ----   Reset Horizontal Sync Counter
     92 U0004		       00	   NUSIZ0     ds	1	; $04	 00xx 0xxx   Number-Size player/missle 0
     93 U0005		       00	   NUSIZ1     ds	1	; $05	 00xx 0xxx   Number-Size player/missle 1
     94 U0006		       00	   COLUP0     ds	1	; $06	 xxxx xxx0   Color-Luminance Player 0
     95 U0007		       00	   COLUP1     ds	1	; $07	 xxxx xxx0   Color-Luminance Player 1
     96 U0008		       00	   COLUPF     ds	1	; $08	 xxxx xxx0   Color-Luminance Playfield
     97 U0009		       00	   COLUBK     ds	1	; $09	 xxxx xxx0   Color-Luminance Background
     98 U000a		       00	   CTRLPF     ds	1	; $0A	 00xx 0xxx   Control Playfield, Ball, Collisions
     99 U000b		       00	   REFP0      ds	1	; $0B	 0000 x000   Reflection Player 0
    100 U000c		       00	   REFP1      ds	1	; $0C	 0000 x000   Reflection Player 1
    101 U000d		       00	   PF0	      ds	1	; $0D	 xxxx 0000   Playfield Register Byte 0
    102 U000e		       00	   PF1	      ds	1	; $0E	 xxxx xxxx   Playfield Register Byte 1
    103 U000f		       00	   PF2	      ds	1	; $0F	 xxxx xxxx   Playfield Register Byte 2
    104 U0010		       00	   RESP0      ds	1	; $10	 ---- ----   Reset Player 0
    105 U0011		       00	   RESP1      ds	1	; $11	 ---- ----   Reset Player 1
    106 U0012		       00	   RESM0      ds	1	; $12	 ---- ----   Reset Missle 0
    107 U0013		       00	   RESM1      ds	1	; $13	 ---- ----   Reset Missle 1
    108 U0014		       00	   RESBL      ds	1	; $14	 ---- ----   Reset Ball
    109 U0015		       00	   AUDC0      ds	1	; $15	 0000 xxxx   Audio Control 0
    110 U0016		       00	   AUDC1      ds	1	; $16	 0000 xxxx   Audio Control 1
    111 U0017		       00	   AUDF0      ds	1	; $17	 000x xxxx   Audio Frequency 0
    112 U0018		       00	   AUDF1      ds	1	; $18	 000x xxxx   Audio Frequency 1
    113 U0019		       00	   AUDV0      ds	1	; $19	 0000 xxxx   Audio Volume 0
    114 U001a		       00	   AUDV1      ds	1	; $1A	 0000 xxxx   Audio Volume 1
    115 U001b		       00	   GRP0       ds	1	; $1B	 xxxx xxxx   Graphics Register Player 0
    116 U001c		       00	   GRP1       ds	1	; $1C	 xxxx xxxx   Graphics Register Player 1
    117 U001d		       00	   ENAM0      ds	1	; $1D	 0000 00x0   Graphics Enable Missle 0
    118 U001e		       00	   ENAM1      ds	1	; $1E	 0000 00x0   Graphics Enable Missle 1
    119 U001f		       00	   ENABL      ds	1	; $1F	 0000 00x0   Graphics Enable Ball
    120 U0020		       00	   HMP0       ds	1	; $20	 xxxx 0000   Horizontal Motion Player 0
    121 U0021		       00	   HMP1       ds	1	; $21	 xxxx 0000   Horizontal Motion Player 1
    122 U0022		       00	   HMM0       ds	1	; $22	 xxxx 0000   Horizontal Motion Missle 0
    123 U0023		       00	   HMM1       ds	1	; $23	 xxxx 0000   Horizontal Motion Missle 1
    124 U0024		       00	   HMBL       ds	1	; $24	 xxxx 0000   Horizontal Motion Ball
    125 U0025		       00	   VDELP0     ds	1	; $25	 0000 000x   Vertical Delay Player 0
    126 U0026		       00	   VDELP1     ds	1	; $26	 0000 000x   Vertical Delay Player 1
    127 U0027		       00	   VDELBL     ds	1	; $27	 0000 000x   Vertical Delay Ball
    128 U0028		       00	   RESMP0     ds	1	; $28	 0000 00x0   Reset Missle 0 to Player 0
    129 U0029		       00	   RESMP1     ds	1	; $29	 0000 00x0   Reset Missle 1 to Player 1
    130 U002a		       00	   HMOVE      ds	1	; $2A	 ---- ----   Apply Horizontal Motion
    131 U002b		       00	   HMCLR      ds	1	; $2B	 ---- ----   Clear Horizontal Move Registers
    132 U002c		       00	   CXCLR      ds	1	; $2C	 ---- ----   Clear Collision Latches
    133 U002d
    134 U002d							;-------------------------------------------------------------------------------
    135 U002d
    136 U000e ????				      SEG.U	TIA_REGISTERS_READ
    137 U0000					      ORG	TIA_BASE_READ_ADDRESS
    138 U0000
    139 U0000							;											bit 7	 bit 6
    140 U0000		       00	   CXM0P      ds	1	; $00	     xx00 0000	     Read Collision  M0-P1   M0-P0
    141 U0001		       00	   CXM1P      ds	1	; $01	     xx00 0000			     M1-P0   M1-P1
    142 U0002		       00	   CXP0FB     ds	1	; $02	     xx00 0000			     P0-PF   P0-BL
    143 U0003		       00	   CXP1FB     ds	1	; $03	     xx00 0000			     P1-PF   P1-BL
    144 U0004		       00	   CXM0FB     ds	1	; $04	     xx00 0000			     M0-PF   M0-BL
    145 U0005		       00	   CXM1FB     ds	1	; $05	     xx00 0000			     M1-PF   M1-BL
    146 U0006		       00	   CXBLPF     ds	1	; $06	     x000 0000			     BL-PF   -----
    147 U0007		       00	   CXPPMM     ds	1	; $07	     xx00 0000			     P0-P1   M0-M1
    148 U0008		       00	   INPT0      ds	1	; $08	     x000 0000	     Read Pot Port 0
    149 U0009		       00	   INPT1      ds	1	; $09	     x000 0000	     Read Pot Port 1
    150 U000a		       00	   INPT2      ds	1	; $0A	     x000 0000	     Read Pot Port 2
    151 U000b		       00	   INPT3      ds	1	; $0B	     x000 0000	     Read Pot Port 3
    152 U000c		       00	   INPT4      ds	1	; $0C		x000 0000	 Read Input (Trigger) 0
    153 U000d		       00	   INPT5      ds	1	; $0D		x000 0000	 Read Input (Trigger) 1
    154 U000e
    155 U000e							;-------------------------------------------------------------------------------
    156 U000e
    157 U0298 ????				      SEG.U	RIOT
    158 U0280					      ORG	$280
    159 U0280
    160 U0280							; RIOT MEMORY MAP
    161 U0280
    162 U0280		       00	   SWCHA      ds	1	; $280      Port A data register for joysticks:
    163 U0281							;			Bits 4-7 for player 1.  Bits 0-3 for player 2.
    164 U0281
    165 U0281		       00	   SWACNT     ds	1	; $281      Port A data direction register (DDR)
    166 U0282		       00	   SWCHB      ds	1	; $282		Port B data (console switches)
    167 U0283		       00	   SWBCNT     ds	1	; $283      Port B DDR
    168 U0284		       00	   INTIM      ds	1	; $284		Timer output
    169 U0285
    170 U0285		       00	   TIMINT     ds	1	; $285
    171 U0286
    172 U0286							; Unused/undefined registers ($285-$294)
    173 U0286
    174 U0286		       00		      ds	1	; $286
    175 U0287		       00		      ds	1	; $287
    176 U0288		       00		      ds	1	; $288
    177 U0289		       00		      ds	1	; $289
    178 U028a		       00		      ds	1	; $28A
    179 U028b		       00		      ds	1	; $28B
    180 U028c		       00		      ds	1	; $28C
    181 U028d		       00		      ds	1	; $28D
    182 U028e		       00		      ds	1	; $28E
    183 U028f		       00		      ds	1	; $28F
    184 U0290		       00		      ds	1	; $290
    185 U0291		       00		      ds	1	; $291
    186 U0292		       00		      ds	1	; $292
    187 U0293		       00		      ds	1	; $293
    188 U0294
    189 U0294		       00	   TIM1T      ds	1	; $294		set 1 clock interval
    190 U0295		       00	   TIM8T      ds	1	; $295      set 8 clock interval
    191 U0296		       00	   TIM64T     ds	1	; $296      set 64 clock interval
    192 U0297		       00	   T1024T     ds	1	; $297      set 1024 clock interval
    193 U0298
    194 U0298							;-------------------------------------------------------------------------------
    195 U0298							; The following required for back-compatibility with code which does not use
    196 U0298							; segments.
    197 U0298
    198  0000 ????				      SEG
    199  0000 ????
    200  0000 ????						; EOF
------- FILE cart.asm
------- FILE macro.h LEVEL 2 PASS 2
      0  0000 ????				      include	"macro.h"
      1  0000 ????						; MACRO.H
      2  0000 ????						; Version 1.06, 3/SEPTEMBER/2004
      3  0000 ????
      4  0000 ????	       00 6a	   VERSION_MACRO =	106
      5  0000 ????
      6  0000 ????						;
      7  0000 ????						; THIS FILE IS EXPLICITLY SUPPORTED AS A DASM-PREFERRED COMPANION FILE
      8  0000 ????						; PLEASE DO *NOT* REDISTRIBUTE MODIFIED VERSIONS OF THIS FILE!
      9  0000 ????						;
     10  0000 ????						; This file defines DASM macros useful for development for the Atari 2600.
     11  0000 ????						; It is distributed as a companion machine-specific support package
     12  0000 ????						; for the DASM compiler. Updates to this file, DASM, and associated tools are
     13  0000 ????						; available at at http://www.atari2600.org/dasm
     14  0000 ????						;
     15  0000 ????						; Many thanks to the people who have contributed.  If you take issue with the
     16  0000 ????						; contents, or would like to add something, please write to me
     17  0000 ????						; (atari2600@taswegian.com) with your contribution.
     18  0000 ????						;
     19  0000 ????						; Latest Revisions...
     20  0000 ????						;
     21  0000 ????						; 1.06  03/SEP/2004	 - nice revision of VERTICAL_BLANK (Edwin Blink)
     22  0000 ????						; 1.05  14/NOV/2003	 - Added VERSION_MACRO equate (which will reflect 100x version #)
     23  0000 ????						;			   This will allow conditional code to verify MACRO.H being
     24  0000 ????						;			   used for code assembly.
     25  0000 ????						; 1.04  13/NOV/2003	 - SET_POINTER macro added (16-bit address load)
     26  0000 ????						;
     27  0000 ????						; 1.03  23/JUN/2003	 - CLEAN_START macro added - clears TIA, RAM, registers
     28  0000 ????						;
     29  0000 ????						; 1.02  14/JUN/2003	 - VERTICAL_SYNC macro added
     30  0000 ????						;			   (standardised macro for vertical synch code)
     31  0000 ????						; 1.01  22/MAR/2003	 - SLEEP macro added.
     32  0000 ????						;			 - NO_ILLEGAL_OPCODES switch implemented
     33  0000 ????						; 1.0	22/MAR/2003		Initial release
     34  0000 ????
     35  0000 ????						; Note: These macros use illegal opcodes.  To disable illegal opcode usage,
     36  0000 ????						;   define the symbol NO_ILLEGAL_OPCODES (-DNO_ILLEGAL_OPCODES=1 on command-line).
     37  0000 ????						;   If you do not allow illegal opcode usage, you must include this file
     38  0000 ????						;   *after* including VCS.H (as the non-illegal opcodes access hardware
     39  0000 ????						;   registers and require them to be defined first).
     40  0000 ????
     41  0000 ????						; Available macros...
     42  0000 ????						;   SLEEP n		 - sleep for n cycles
     43  0000 ????						;   VERTICAL_SYNC	 - correct 3 scanline vertical synch code
     44  0000 ????						;   CLEAN_START	 - set machine to known state on startup
     45  0000 ????						;   SET_POINTER	 - load a 16-bit absolute to a 16-bit variable
     46  0000 ????
     47  0000 ????						;-------------------------------------------------------------------------------
     48  0000 ????						; SLEEP duration
     49  0000 ????						; Original author: Thomas Jentzsch
     50  0000 ????						; Inserts code which takes the specified number of cycles to execute.	This is
     51  0000 ????						; useful for code where precise timing is required.
     52  0000 ????						; ILLEGAL-OPCODE VERSION DOES NOT AFFECT FLAGS OR REGISTERS.
     53  0000 ????						; LEGAL OPCODE VERSION MAY AFFECT FLAGS
     54  0000 ????						; Uses illegal opcode (DASM 2.20.01 onwards).
     55  0000 ????
     56  0000 ????				      MAC	sleep
     57  0000 ????			   .CYCLES    SET	{1}
     58  0000 ????
     59  0000 ????				      IF	.CYCLES < 2
     60  0000 ????				      ECHO	"MACRO ERROR: 'SLEEP': Duration must be > 1"
     61  0000 ????				      ERR
     62  0000 ????				      ENDIF
     63  0000 ????
     64  0000 ????				      IF	.CYCLES & 1
     65  0000 ????				      IFNCONST	NO_ILLEGAL_OPCODES
     66  0000 ????				      nop	0
     67  0000 ????				      ELSE
     68  0000 ????				      bit	VSYNC
     69  0000 ????				      ENDIF
     70  0000 ????			   .CYCLES    SET	.CYCLES - 3
     71  0000 ????				      ENDIF
     72  0000 ????
     73  0000 ????				      REPEAT	.CYCLES / 2
     74  0000 ????				      nop
     75  0000 ????				      REPEND
     76  0000 ????				      ENDM		;usage: SLEEP n (n>1)
     77  0000 ????
     78  0000 ????						;-------------------------------------------------------------------------------
     79  0000 ????						; VERTICAL_SYNC
     80  0000 ????						; revised version by Edwin Blink -- saves bytes!
     81  0000 ????						; Inserts the code required for a proper 3 scanline vertical sync sequence
     82  0000 ????						; Note: Alters the accumulator
     83  0000 ????
     84  0000 ????						; OUT: A = 0
     85  0000 ????
     86  0000 ????				      MAC	vertical_sync
     87  0000 ????				      lda	#%1110	; each '1' bits generate a VSYNC ON line (bits 1..3)
     88  0000 ????			   .VSLP1     sta	WSYNC	; 1st '0' bit resets Vsync, 2nd '0' bit exit loop
     89  0000 ????				      sta	VSYNC
     90  0000 ????				      lsr
     91  0000 ????				      bne	.VSLP1	; branch until VYSNC has been reset
     92  0000 ????				      ENDM
     93  0000 ????
     94  0000 ????						;-------------------------------------------------------------------------------
     95  0000 ????						; CLEAN_START
     96  0000 ????						; Original author: Andrew Davie
     97  0000 ????						; Standardised start-up code, clears stack, all TIA registers and RAM to 0
     98  0000 ????						; Sets stack pointer to $FF, and all registers to 0
     99  0000 ????						; Sets decimal mode off, sets interrupt flag (kind of un-necessary)
    100  0000 ????						; Use as very first section of code on boot (ie: at reset)
    101  0000 ????						; Code written to minimise total ROM usage - uses weird 6502 knowledge :)
    102  0000 ????
    103  0000 ????				      MAC	clean_start
    104  0000 ????				      sei
    105  0000 ????				      cld
    106  0000 ????
    107  0000 ????				      ldx	#0
    108  0000 ????				      txa
    109  0000 ????				      tay
    110  0000 ????			   .CLEAR_STACK dex
    111  0000 ????				      txs
    112  0000 ????				      pha
    113  0000 ????				      bne	.CLEAR_STACK	; SP=$FF, X = A = Y = 0
    114  0000 ????
    115  0000 ????				      ENDM
    116  0000 ????
    117  0000 ????						;-------------------------------------------------------
    118  0000 ????						; SET_POINTER
    119  0000 ????						; Original author: Manuel Rotschkar
    120  0000 ????						;
    121  0000 ????						; Sets a 2 byte RAM pointer to an absolute address.
    122  0000 ????						;
    123  0000 ????						; Usage: SET_POINTER pointer, address
    124  0000 ????						; Example: SET_POINTER SpritePTR, SpriteData
    125  0000 ????						;
    126  0000 ????						; Note: Alters the accumulator, NZ flags
    127  0000 ????						; IN 1: 2 byte RAM location reserved for pointer
    128  0000 ????						; IN 2: absolute address
    129  0000 ????
    130  0000 ????				      MAC	set_pointer
    131  0000 ????			   .POINTER   SET	{1}
    132  0000 ????			   .ADDRESS   SET	{2}
    133  0000 ????
    134  0000 ????				      LDA	#<.ADDRESS	; Get Lowbyte of Address
    135  0000 ????				      STA	.POINTER	; Store in pointer
    136  0000 ????				      LDA	#>.ADDRESS	; Get Hibyte of Address
    137  0000 ????				      STA	.POINTER+1	; Store in pointer+1
    138  0000 ????
    139  0000 ????				      ENDM
    140  0000 ????
    141  0000 ????						;-------------------------------------------------------
    142  0000 ????						; BOUNDARY byte#
    143  0000 ????						; Original author: Denis Debro (borrowed from Bob Smith / Thomas)
    144  0000 ????						;
    145  0000 ????						; Push data to a certain position inside a page and keep count of how
    146  0000 ????						; many free bytes the programmer will have.
    147  0000 ????						;
    148  0000 ????						; eg: BOUNDARY 5    ; position at byte #5 in page
    149  0000 ????
    150  0000 ????			   .FREE_BYTES SET	0
    151  0000 ????				      MAC	boundary
    152  0000 ????				      REPEAT	256
    153  0000 ????				      IF	<. % {1} = 0
    154  0000 ????				      MEXIT
    155  0000 ????				      ELSE
    156  0000 ????			   .FREE_BYTES SET	.FREE_BYTES + 1
    157  0000 ????				      .byte	$00
    158  0000 ????				      ENDIF
    159  0000 ????				      REPEND
    160  0000 ????				      ENDM
    161  0000 ????
    162  0000 ????
    163  0000 ????						; EOF
------- FILE cart.asm
      5  0000 ????
      6  0000 ????
      7  0000 ????						;;;;;;;;;;;;;;;;;;;;;;;;;;;;;;;;;;;;;;;;;;;;;;;;;;;;;;;;;;;;;;;;;;;;
      8  0000 ????						;; Start an unintialized segment at $80 for variable declaration
      9  0000 ????						;;;;;;;;;;;;;;;;;;;;;;;;;;;;;;;;;;;;;;;;;;;;;;;;;;;;;;;;;;;;;;;;;;;;
     10 U0082 ????				      seg.u	Variables
     11 U0080					      org	$80
     12 U0080		       00	   P0Height   ds	1	; defines one byte for player 0 height
     13 U0081		       00	   P1Height   ds	1	; defines one byte for player 1 height
     14 U0082
     15 U0082
     16 U0082							;;;;;;;;;;;;;;;;;;;;;;;;;;;;;;;;;;;;;;;;;;;;;;;;;;;;;;;;;;;;;;;;;;;;
     17 U0082							;; Start ROM code
     18 U0082							;;;;;;;;;;;;;;;;;;;;;;;;;;;;;;;;;;;;;;;;;;;;;;;;;;;;;;;;;;;;;;;;;;;;
     19  10000 ????				       seg	code
     20  f000					      org	$F000
     21  f000
     22  f000				   Reset
      0  f000					      CLEAN_START
      1  f000		       78		      sei
      2  f001		       d8		      cld
      3  f002
      4  f002		       a2 00		      ldx	#0
      5  f004		       8a		      txa
      6  f005		       a8		      tay
      7  f006		       ca	   .CLEAR_STACK dex
      8  f007		       9a		      txs
      9  f008		       48		      pha
     10  f009		       d0 fb		      bne	.CLEAR_STACK
     11  f00b
     24  f00b
     25  f00b		       a2 80		      ldx	#$80	; Blue background color
     26  f00d		       86 09		      stx	COLUBK	; Set background color
     27  f00f
     28  f00f		       a9 0f		      lda	#%1111	; White playfield color
     29  f011		       85 08		      sta	COLUPF	; Set playfield color
     30  f013
     31  f013		       a9 0a		      lda	#10
     32  f015		       85 80		      sta	P0Height	; Set player 0 height to 10
     33  f017		       85 81		      sta	P1Height	; Set player 0 height to 10
     34  f019
     35  f019							;;;;;;;;;;;;;;;;;;;;;;;;;;;;;;;;;;;;;;;;;;;;;;;;;;;;;;;;;;;;;;;;;;;;
     36  f019							;; We set the TIA registers for the colors of P0 and P1
     37  f019							;;;;;;;;;;;;;;;;;;;;;;;;;;;;;;;;;;;;;;;;;;;;;;;;;;;;;;;;;;;;;;;;;;;;
     38  f019		       a9 48		      lda	#$48	; P0 color light red
     39  f01b		       85 06		      sta	COLUP0
     40  f01d
     41  f01d		       a9 c6		      lda	#$C6	; P1 color light green
     42  f01f		       85 07		      sta	COLUP1
     43  f021
     44  f021		       a0 02		      ldy	#%00000010	; CTRLPD D1 set to 1 means (score)
     45  f023		       84 0a		      sty	CTRLPF
     46  f025
     47  f025							;;;;;;;;;;;;;;;;;;;;;;;;;;;;;;;;;;;;;;;;;;;;;;;;;;;;;;;;;;;;;;;;;;;;
     48  f025							;; Start a new frame by configuring VBLANK and VSYNC
     49  f025							;;;;;;;;;;;;;;;;;;;;;;;;;;;;;;;;;;;;;;;;;;;;;;;;;;;;;;;;;;;;;;;;;;;;
     50  f025
     51  f025				   StartFrame
     52  f025		       a9 02		      lda	#02
     53  f027		       85 01		      sta	VBLANK	; Turn VBLANK on
     54  f029		       85 00		      sta	VSYNC	; Turn VSYNC on
     55  f02b
     56  f02b							;;;;;;;;;;;;;;;;;;;;;;;;;;;;;;;;;;;;;;;;;;;;;;;;;;;;;;;;;;;;;;;;;;;;
     57  f02b							;; Generate 3 lines of VSYNC
     58  f02b							;;;;;;;;;;;;;;;;;;;;;;;;;;;;;;;;;;;;;;;;;;;;;;;;;;;;;;;;;;;;;;;;;;;;
     59  f02b					      REPEAT	3
     60  f02b		       85 02		      sta	WSYNC	; 3 scanlines for vsync
     59  f02b					      REPEND
     60  f02d		       85 02		      sta	WSYNC	; 3 scanlines for vsync
     59  f02d					      REPEND
     60  f02f		       85 02		      sta	WSYNC	; 3 scanlines for vsync
     61  f031					      REPEND
     62  f031		       a9 00		      lda	#0
     63  f033		       85 00		      sta	VSYNC	; Turn VSYNC off
     64  f035
     65  f035							;;;;;;;;;;;;;;;;;;;;;;;;;;;;;;;;;;;;;;;;;;;;;;;;;;;;;;;;;;;;;;;;;;;;
     66  f035							;; Output 37 recommended lines of VBLANK
     67  f035							;;;;;;;;;;;;;;;;;;;;;;;;;;;;;;;;;;;;;;;;;;;;;;;;;;;;;;;;;;;;;;;;;;;;
     68  f035					      REPEAT	37
     69  f035		       85 02		      sta	WSYNC
     68  f035					      REPEND
     69  f037		       85 02		      sta	WSYNC
     68  f037					      REPEND
     69  f039		       85 02		      sta	WSYNC
     68  f039					      REPEND
     69  f03b		       85 02		      sta	WSYNC
     68  f03b					      REPEND
     69  f03d		       85 02		      sta	WSYNC
     68  f03d					      REPEND
     69  f03f		       85 02		      sta	WSYNC
     68  f03f					      REPEND
     69  f041		       85 02		      sta	WSYNC
     68  f041					      REPEND
     69  f043		       85 02		      sta	WSYNC
     68  f043					      REPEND
     69  f045		       85 02		      sta	WSYNC
     68  f045					      REPEND
     69  f047		       85 02		      sta	WSYNC
     68  f047					      REPEND
     69  f049		       85 02		      sta	WSYNC
     68  f049					      REPEND
     69  f04b		       85 02		      sta	WSYNC
     68  f04b					      REPEND
     69  f04d		       85 02		      sta	WSYNC
     68  f04d					      REPEND
     69  f04f		       85 02		      sta	WSYNC
     68  f04f					      REPEND
     69  f051		       85 02		      sta	WSYNC
     68  f051					      REPEND
     69  f053		       85 02		      sta	WSYNC
     68  f053					      REPEND
     69  f055		       85 02		      sta	WSYNC
     68  f055					      REPEND
     69  f057		       85 02		      sta	WSYNC
     68  f057					      REPEND
     69  f059		       85 02		      sta	WSYNC
     68  f059					      REPEND
     69  f05b		       85 02		      sta	WSYNC
     68  f05b					      REPEND
     69  f05d		       85 02		      sta	WSYNC
     68  f05d					      REPEND
     69  f05f		       85 02		      sta	WSYNC
     68  f05f					      REPEND
     69  f061		       85 02		      sta	WSYNC
     68  f061					      REPEND
     69  f063		       85 02		      sta	WSYNC
     68  f063					      REPEND
     69  f065		       85 02		      sta	WSYNC
     68  f065					      REPEND
     69  f067		       85 02		      sta	WSYNC
     68  f067					      REPEND
     69  f069		       85 02		      sta	WSYNC
     68  f069					      REPEND
     69  f06b		       85 02		      sta	WSYNC
     68  f06b					      REPEND
     69  f06d		       85 02		      sta	WSYNC
     68  f06d					      REPEND
     69  f06f		       85 02		      sta	WSYNC
     68  f06f					      REPEND
     69  f071		       85 02		      sta	WSYNC
     68  f071					      REPEND
     69  f073		       85 02		      sta	WSYNC
     68  f073					      REPEND
     69  f075		       85 02		      sta	WSYNC
     68  f075					      REPEND
     69  f077		       85 02		      sta	WSYNC
     68  f077					      REPEND
     69  f079		       85 02		      sta	WSYNC
     68  f079					      REPEND
     69  f07b		       85 02		      sta	WSYNC
     68  f07b					      REPEND
     69  f07d		       85 02		      sta	WSYNC
     70  f07f					      REPEND
     71  f07f		       a9 00		      lda	#0
     72  f081		       85 01		      sta	VBLANK	; Turn off VBLANK
     73  f083
     74  f083							;;;;;;;;;;;;;;;;;;;;;;;;;;;;;;;;;;;;;;;;;;;;;;;;;;;;;;;;;;;;;;;;;;;;
     75  f083							;; Draw 192 lines of playfield
     76  f083							;;;;;;;;;;;;;;;;;;;;;;;;;;;;;;;;;;;;;;;;;;;;;;;;;;;;;;;;;;;;;;;;;;;;
     77  f083
     78  f083				   VisibleScanlines
     79  f083							; Draw 10 empty scanlines at the top of the frame
     80  f083					      REPEAT	10
     81  f083		       85 02		      sta	WSYNC
     80  f083					      REPEND
     81  f085		       85 02		      sta	WSYNC
     80  f085					      REPEND
     81  f087		       85 02		      sta	WSYNC
     80  f087					      REPEND
     81  f089		       85 02		      sta	WSYNC
     80  f089					      REPEND
     81  f08b		       85 02		      sta	WSYNC
     80  f08b					      REPEND
     81  f08d		       85 02		      sta	WSYNC
     80  f08d					      REPEND
     81  f08f		       85 02		      sta	WSYNC
     80  f08f					      REPEND
     81  f091		       85 02		      sta	WSYNC
     80  f091					      REPEND
     81  f093		       85 02		      sta	WSYNC
     80  f093					      REPEND
     81  f095		       85 02		      sta	WSYNC
     82  f097					      REPEND
     83  f097
     84  f097							;;;;;;;;;;;;;;;;;;;;;;;;;;;;;;;;;;;;;;;;;;;;;;;;;;;;;;;;;;;;;;;;;;;;
     85  f097							;; Display 10 scanlines for the scoreboard member
     86  f097							;; Pulls data from an array of bytes defined at NumberBitMap
     87  f097							;;;;;;;;;;;;;;;;;;;;;;;;;;;;;;;;;;;;;;;;;;;;;;;;;;;;;;;;;;;;;;;;;;;;
     88  f097		       a0 00		      ldy	#0
     89  f099				   ScoreboardLoop
     90  f099		       b9 f2 ff 	      lda	NumberBitmap,y
     91  f09c		       85 0e		      sta	PF1
     92  f09e		       85 02		      sta	WSYNC
     93  f0a0		       c8		      iny
     94  f0a1		       c0 0a		      cpy	#10
     95  f0a3		       d0 f4		      bne	ScoreboardLoop
     96  f0a5
     97  f0a5		       a9 00		      lda	#0
     98  f0a7		       85 0e		      sta	PF1	; Disable playfield
     99  f0a9
    100  f0a9							; Draw 50 empty scanlines at the bottom of the frame
    101  f0a9					      REPEAT	50
    102  f0a9		       85 02		      sta	WSYNC
    101  f0a9					      REPEND
    102  f0ab		       85 02		      sta	WSYNC
    101  f0ab					      REPEND
    102  f0ad		       85 02		      sta	WSYNC
    101  f0ad					      REPEND
    102  f0af		       85 02		      sta	WSYNC
    101  f0af					      REPEND
    102  f0b1		       85 02		      sta	WSYNC
    101  f0b1					      REPEND
    102  f0b3		       85 02		      sta	WSYNC
    101  f0b3					      REPEND
    102  f0b5		       85 02		      sta	WSYNC
    101  f0b5					      REPEND
    102  f0b7		       85 02		      sta	WSYNC
    101  f0b7					      REPEND
    102  f0b9		       85 02		      sta	WSYNC
    101  f0b9					      REPEND
    102  f0bb		       85 02		      sta	WSYNC
    101  f0bb					      REPEND
    102  f0bd		       85 02		      sta	WSYNC
    101  f0bd					      REPEND
    102  f0bf		       85 02		      sta	WSYNC
    101  f0bf					      REPEND
    102  f0c1		       85 02		      sta	WSYNC
    101  f0c1					      REPEND
    102  f0c3		       85 02		      sta	WSYNC
    101  f0c3					      REPEND
    102  f0c5		       85 02		      sta	WSYNC
    101  f0c5					      REPEND
    102  f0c7		       85 02		      sta	WSYNC
    101  f0c7					      REPEND
    102  f0c9		       85 02		      sta	WSYNC
    101  f0c9					      REPEND
    102  f0cb		       85 02		      sta	WSYNC
    101  f0cb					      REPEND
    102  f0cd		       85 02		      sta	WSYNC
    101  f0cd					      REPEND
    102  f0cf		       85 02		      sta	WSYNC
    101  f0cf					      REPEND
    102  f0d1		       85 02		      sta	WSYNC
    101  f0d1					      REPEND
    102  f0d3		       85 02		      sta	WSYNC
    101  f0d3					      REPEND
    102  f0d5		       85 02		      sta	WSYNC
    101  f0d5					      REPEND
    102  f0d7		       85 02		      sta	WSYNC
    101  f0d7					      REPEND
    102  f0d9		       85 02		      sta	WSYNC
    101  f0d9					      REPEND
    102  f0db		       85 02		      sta	WSYNC
    101  f0db					      REPEND
    102  f0dd		       85 02		      sta	WSYNC
    101  f0dd					      REPEND
    102  f0df		       85 02		      sta	WSYNC
    101  f0df					      REPEND
    102  f0e1		       85 02		      sta	WSYNC
    101  f0e1					      REPEND
    102  f0e3		       85 02		      sta	WSYNC
    101  f0e3					      REPEND
    102  f0e5		       85 02		      sta	WSYNC
    101  f0e5					      REPEND
    102  f0e7		       85 02		      sta	WSYNC
    101  f0e7					      REPEND
    102  f0e9		       85 02		      sta	WSYNC
    101  f0e9					      REPEND
    102  f0eb		       85 02		      sta	WSYNC
    101  f0eb					      REPEND
    102  f0ed		       85 02		      sta	WSYNC
    101  f0ed					      REPEND
    102  f0ef		       85 02		      sta	WSYNC
    101  f0ef					      REPEND
    102  f0f1		       85 02		      sta	WSYNC
    101  f0f1					      REPEND
    102  f0f3		       85 02		      sta	WSYNC
    101  f0f3					      REPEND
    102  f0f5		       85 02		      sta	WSYNC
    101  f0f5					      REPEND
    102  f0f7		       85 02		      sta	WSYNC
    101  f0f7					      REPEND
    102  f0f9		       85 02		      sta	WSYNC
    101  f0f9					      REPEND
    102  f0fb		       85 02		      sta	WSYNC
    101  f0fb					      REPEND
    102  f0fd		       85 02		      sta	WSYNC
    101  f0fd					      REPEND
    102  f0ff		       85 02		      sta	WSYNC
    101  f0ff					      REPEND
    102  f101		       85 02		      sta	WSYNC
    101  f101					      REPEND
    102  f103		       85 02		      sta	WSYNC
    101  f103					      REPEND
    102  f105		       85 02		      sta	WSYNC
    101  f105					      REPEND
    102  f107		       85 02		      sta	WSYNC
    101  f107					      REPEND
    102  f109		       85 02		      sta	WSYNC
    101  f109					      REPEND
    102  f10b		       85 02		      sta	WSYNC
    103  f10d					      REPEND
    104  f10d
    105  f10d							;;;;;;;;;;;;;;;;;;;;;;;;;;;;;;;;;;;;;;;;;;;;;;;;;;;;;;;;;;;;;;;;;;;;
    106  f10d							;; Display 10 scanlines for the player 0 graphics
    107  f10d							;; Pulls data from an array of bytes defined at NumberBitMap
    108  f10d							;;;;;;;;;;;;;;;;;;;;;;;;;;;;;;;;;;;;;;;;;;;;;;;;;;;;;;;;;;;;;;;;;;;;
    109  f10d		       a0 00		      ldy	#0
    110  f10f				   Player0Loop
    111  f10f		       b9 e8 ff 	      lda	PlayerBitmap,y
    112  f112		       85 1b		      sta	GRP0
    113  f114		       85 02		      sta	WSYNC
    114  f116		       c8		      iny
    115  f117		       c4 80		      cpy	P0Height
    116  f119		       d0 f4		      bne	Player0Loop
    117  f11b
    118  f11b		       a9 00		      lda	#0
    119  f11d		       85 1b		      sta	GRP0	; Disable player0 graphics
    120  f11f
    121  f11f							;;;;;;;;;;;;;;;;;;;;;;;;;;;;;;;;;;;;;;;;;;;;;;;;;;;;;;;;;;;;;;;;;;;;
    122  f11f							;; Display 10 scanlines for the player 1 graphics
    123  f11f							;; Pulls data from an array of bytes defined at NumberBitMap
    124  f11f							;;;;;;;;;;;;;;;;;;;;;;;;;;;;;;;;;;;;;;;;;;;;;;;;;;;;;;;;;;;;;;;;;;;;
    125  f11f		       a0 00		      ldy	#0
    126  f121				   Player1Loop
    127  f121		       b9 e8 ff 	      lda	PlayerBitmap,y
    128  f124		       85 1c		      sta	GRP1
    129  f126		       85 02		      sta	WSYNC
    130  f128		       c8		      iny
    131  f129		       c4 81		      cpy	P1Height
    132  f12b		       d0 f4		      bne	Player1Loop
    133  f12d
    134  f12d		       a9 00		      lda	#0
    135  f12f		       85 1c		      sta	GRP1	; Disable player0 graphics
    136  f131
    137  f131							;;;;;;;;;;;;;;;;;;;;;;;;;;;;;;;;;;;;;;;;;;;;;;;;;;;;;;;;;;;;;;;;;;;;
    138  f131							;; Draw remaining 102 (192 - 90) lines of playfield
    139  f131							;;;;;;;;;;;;;;;;;;;;;;;;;;;;;;;;;;;;;;;;;;;;;;;;;;;;;;;;;;;;;;;;;;;;
    140  f131					      REPEAT	102
    141  f131		       85 02		      sta	WSYNC
    140  f131					      REPEND
    141  f133		       85 02		      sta	WSYNC
    140  f133					      REPEND
    141  f135		       85 02		      sta	WSYNC
    140  f135					      REPEND
    141  f137		       85 02		      sta	WSYNC
    140  f137					      REPEND
    141  f139		       85 02		      sta	WSYNC
    140  f139					      REPEND
    141  f13b		       85 02		      sta	WSYNC
    140  f13b					      REPEND
    141  f13d		       85 02		      sta	WSYNC
    140  f13d					      REPEND
    141  f13f		       85 02		      sta	WSYNC
    140  f13f					      REPEND
    141  f141		       85 02		      sta	WSYNC
    140  f141					      REPEND
    141  f143		       85 02		      sta	WSYNC
    140  f143					      REPEND
    141  f145		       85 02		      sta	WSYNC
    140  f145					      REPEND
    141  f147		       85 02		      sta	WSYNC
    140  f147					      REPEND
    141  f149		       85 02		      sta	WSYNC
    140  f149					      REPEND
    141  f14b		       85 02		      sta	WSYNC
    140  f14b					      REPEND
    141  f14d		       85 02		      sta	WSYNC
    140  f14d					      REPEND
    141  f14f		       85 02		      sta	WSYNC
    140  f14f					      REPEND
    141  f151		       85 02		      sta	WSYNC
    140  f151					      REPEND
    141  f153		       85 02		      sta	WSYNC
    140  f153					      REPEND
    141  f155		       85 02		      sta	WSYNC
    140  f155					      REPEND
    141  f157		       85 02		      sta	WSYNC
    140  f157					      REPEND
    141  f159		       85 02		      sta	WSYNC
    140  f159					      REPEND
    141  f15b		       85 02		      sta	WSYNC
    140  f15b					      REPEND
    141  f15d		       85 02		      sta	WSYNC
    140  f15d					      REPEND
    141  f15f		       85 02		      sta	WSYNC
    140  f15f					      REPEND
    141  f161		       85 02		      sta	WSYNC
    140  f161					      REPEND
    141  f163		       85 02		      sta	WSYNC
    140  f163					      REPEND
    141  f165		       85 02		      sta	WSYNC
    140  f165					      REPEND
    141  f167		       85 02		      sta	WSYNC
    140  f167					      REPEND
    141  f169		       85 02		      sta	WSYNC
    140  f169					      REPEND
    141  f16b		       85 02		      sta	WSYNC
    140  f16b					      REPEND
    141  f16d		       85 02		      sta	WSYNC
    140  f16d					      REPEND
    141  f16f		       85 02		      sta	WSYNC
    140  f16f					      REPEND
    141  f171		       85 02		      sta	WSYNC
    140  f171					      REPEND
    141  f173		       85 02		      sta	WSYNC
    140  f173					      REPEND
    141  f175		       85 02		      sta	WSYNC
    140  f175					      REPEND
    141  f177		       85 02		      sta	WSYNC
    140  f177					      REPEND
    141  f179		       85 02		      sta	WSYNC
    140  f179					      REPEND
    141  f17b		       85 02		      sta	WSYNC
    140  f17b					      REPEND
    141  f17d		       85 02		      sta	WSYNC
    140  f17d					      REPEND
    141  f17f		       85 02		      sta	WSYNC
    140  f17f					      REPEND
    141  f181		       85 02		      sta	WSYNC
    140  f181					      REPEND
    141  f183		       85 02		      sta	WSYNC
    140  f183					      REPEND
    141  f185		       85 02		      sta	WSYNC
    140  f185					      REPEND
    141  f187		       85 02		      sta	WSYNC
    140  f187					      REPEND
    141  f189		       85 02		      sta	WSYNC
    140  f189					      REPEND
    141  f18b		       85 02		      sta	WSYNC
    140  f18b					      REPEND
    141  f18d		       85 02		      sta	WSYNC
    140  f18d					      REPEND
    141  f18f		       85 02		      sta	WSYNC
    140  f18f					      REPEND
    141  f191		       85 02		      sta	WSYNC
    140  f191					      REPEND
    141  f193		       85 02		      sta	WSYNC
    140  f193					      REPEND
    141  f195		       85 02		      sta	WSYNC
    140  f195					      REPEND
    141  f197		       85 02		      sta	WSYNC
    140  f197					      REPEND
    141  f199		       85 02		      sta	WSYNC
    140  f199					      REPEND
    141  f19b		       85 02		      sta	WSYNC
    140  f19b					      REPEND
    141  f19d		       85 02		      sta	WSYNC
    140  f19d					      REPEND
    141  f19f		       85 02		      sta	WSYNC
    140  f19f					      REPEND
    141  f1a1		       85 02		      sta	WSYNC
    140  f1a1					      REPEND
    141  f1a3		       85 02		      sta	WSYNC
    140  f1a3					      REPEND
    141  f1a5		       85 02		      sta	WSYNC
    140  f1a5					      REPEND
    141  f1a7		       85 02		      sta	WSYNC
    140  f1a7					      REPEND
    141  f1a9		       85 02		      sta	WSYNC
    140  f1a9					      REPEND
    141  f1ab		       85 02		      sta	WSYNC
    140  f1ab					      REPEND
    141  f1ad		       85 02		      sta	WSYNC
    140  f1ad					      REPEND
    141  f1af		       85 02		      sta	WSYNC
    140  f1af					      REPEND
    141  f1b1		       85 02		      sta	WSYNC
    140  f1b1					      REPEND
    141  f1b3		       85 02		      sta	WSYNC
    140  f1b3					      REPEND
    141  f1b5		       85 02		      sta	WSYNC
    140  f1b5					      REPEND
    141  f1b7		       85 02		      sta	WSYNC
    140  f1b7					      REPEND
    141  f1b9		       85 02		      sta	WSYNC
    140  f1b9					      REPEND
    141  f1bb		       85 02		      sta	WSYNC
    140  f1bb					      REPEND
    141  f1bd		       85 02		      sta	WSYNC
    140  f1bd					      REPEND
    141  f1bf		       85 02		      sta	WSYNC
    140  f1bf					      REPEND
    141  f1c1		       85 02		      sta	WSYNC
    140  f1c1					      REPEND
    141  f1c3		       85 02		      sta	WSYNC
    140  f1c3					      REPEND
    141  f1c5		       85 02		      sta	WSYNC
    140  f1c5					      REPEND
    141  f1c7		       85 02		      sta	WSYNC
    140  f1c7					      REPEND
    141  f1c9		       85 02		      sta	WSYNC
    140  f1c9					      REPEND
    141  f1cb		       85 02		      sta	WSYNC
    140  f1cb					      REPEND
    141  f1cd		       85 02		      sta	WSYNC
    140  f1cd					      REPEND
    141  f1cf		       85 02		      sta	WSYNC
    140  f1cf					      REPEND
    141  f1d1		       85 02		      sta	WSYNC
    140  f1d1					      REPEND
    141  f1d3		       85 02		      sta	WSYNC
    140  f1d3					      REPEND
    141  f1d5		       85 02		      sta	WSYNC
    140  f1d5					      REPEND
    141  f1d7		       85 02		      sta	WSYNC
    140  f1d7					      REPEND
    141  f1d9		       85 02		      sta	WSYNC
    140  f1d9					      REPEND
    141  f1db		       85 02		      sta	WSYNC
    140  f1db					      REPEND
    141  f1dd		       85 02		      sta	WSYNC
    140  f1dd					      REPEND
    141  f1df		       85 02		      sta	WSYNC
    140  f1df					      REPEND
    141  f1e1		       85 02		      sta	WSYNC
    140  f1e1					      REPEND
    141  f1e3		       85 02		      sta	WSYNC
    140  f1e3					      REPEND
    141  f1e5		       85 02		      sta	WSYNC
    140  f1e5					      REPEND
    141  f1e7		       85 02		      sta	WSYNC
    140  f1e7					      REPEND
    141  f1e9		       85 02		      sta	WSYNC
    140  f1e9					      REPEND
    141  f1eb		       85 02		      sta	WSYNC
    140  f1eb					      REPEND
    141  f1ed		       85 02		      sta	WSYNC
    140  f1ed					      REPEND
    141  f1ef		       85 02		      sta	WSYNC
    140  f1ef					      REPEND
    141  f1f1		       85 02		      sta	WSYNC
    140  f1f1					      REPEND
    141  f1f3		       85 02		      sta	WSYNC
    140  f1f3					      REPEND
    141  f1f5		       85 02		      sta	WSYNC
    140  f1f5					      REPEND
    141  f1f7		       85 02		      sta	WSYNC
    140  f1f7					      REPEND
    141  f1f9		       85 02		      sta	WSYNC
    140  f1f9					      REPEND
    141  f1fb		       85 02		      sta	WSYNC
    142  f1fd					      REPEND
    143  f1fd
    144  f1fd							;;;;;;;;;;;;;;;;;;;;;;;;;;;;;;;;;;;;;;;;;;;;;;;;;;;;;;;;;;;;;;;;;;;;
    145  f1fd							;; Output 30 lines of VBLANK overscan to complete the frame
    146  f1fd							;;;;;;;;;;;;;;;;;;;;;;;;;;;;;;;;;;;;;;;;;;;;;;;;;;;;;;;;;;;;;;;;;;;;
    147  f1fd		       a9 02		      lda	#2
    148  f1ff		       85 01		      sta	VBLANK
    149  f201					      REPEAT	30
    150  f201		       85 02		      sta	WSYNC
    149  f201					      REPEND
    150  f203		       85 02		      sta	WSYNC
    149  f203					      REPEND
    150  f205		       85 02		      sta	WSYNC
    149  f205					      REPEND
    150  f207		       85 02		      sta	WSYNC
    149  f207					      REPEND
    150  f209		       85 02		      sta	WSYNC
    149  f209					      REPEND
    150  f20b		       85 02		      sta	WSYNC
    149  f20b					      REPEND
    150  f20d		       85 02		      sta	WSYNC
    149  f20d					      REPEND
    150  f20f		       85 02		      sta	WSYNC
    149  f20f					      REPEND
    150  f211		       85 02		      sta	WSYNC
    149  f211					      REPEND
    150  f213		       85 02		      sta	WSYNC
    149  f213					      REPEND
    150  f215		       85 02		      sta	WSYNC
    149  f215					      REPEND
    150  f217		       85 02		      sta	WSYNC
    149  f217					      REPEND
    150  f219		       85 02		      sta	WSYNC
    149  f219					      REPEND
    150  f21b		       85 02		      sta	WSYNC
    149  f21b					      REPEND
    150  f21d		       85 02		      sta	WSYNC
    149  f21d					      REPEND
    150  f21f		       85 02		      sta	WSYNC
    149  f21f					      REPEND
    150  f221		       85 02		      sta	WSYNC
    149  f221					      REPEND
    150  f223		       85 02		      sta	WSYNC
    149  f223					      REPEND
    150  f225		       85 02		      sta	WSYNC
    149  f225					      REPEND
    150  f227		       85 02		      sta	WSYNC
    149  f227					      REPEND
    150  f229		       85 02		      sta	WSYNC
    149  f229					      REPEND
    150  f22b		       85 02		      sta	WSYNC
    149  f22b					      REPEND
    150  f22d		       85 02		      sta	WSYNC
    149  f22d					      REPEND
    150  f22f		       85 02		      sta	WSYNC
    149  f22f					      REPEND
    150  f231		       85 02		      sta	WSYNC
    149  f231					      REPEND
    150  f233		       85 02		      sta	WSYNC
    149  f233					      REPEND
    150  f235		       85 02		      sta	WSYNC
    149  f235					      REPEND
    150  f237		       85 02		      sta	WSYNC
    149  f237					      REPEND
    150  f239		       85 02		      sta	WSYNC
    149  f239					      REPEND
    150  f23b		       85 02		      sta	WSYNC
    151  f23d					      REPEND
    152  f23d
    153  f23d							;;;;;;;;;;;;;;;;;;;;;;;;;;;;;;;;;;;;;;;;;;;;;;;;;;;;;;;;;;;;;;;;;;;;
    154  f23d							;; Loop to next frame
    155  f23d							;;;;;;;;;;;;;;;;;;;;;;;;;;;;;;;;;;;;;;;;;;;;;;;;;;;;;;;;;;;;;;;;;;;;
    156  f23d		       4c 25 f0 	      jmp	StartFrame
    157  f240
    158  f240							;;;;;;;;;;;;;;;;;;;;;;;;;;;;;;;;;;;;;;;;;;;;;;;;;;;;;;;;;;;;;;;;;;;;
    159  f240							;; Defines n array of bytes to draw the player
    160  f240							;; We add these bytes in the final ROM addresses
    161  f240							;;;;;;;;;;;;;;;;;;;;;;;;;;;;;;;;;;;;;;;;;;;;;;;;;;;;;;;;;;;;;;;;;;;;
    162  ffe8					      org	$FFE8
    163  ffe8				   PlayerBitmap
    164  ffe8		       7e		      .byte.b	#%01111110	;  ######
    165  ffe9		       ff		      .byte.b	#%11111111	; ########
    166  ffea		       99		      .byte.b	#%10011001	; #  ##  #
    167  ffeb		       ff		      .byte.b	#%11111111	; ########
    168  ffec		       ff		      .byte.b	#%11111111	; ########
    169  ffed		       ff		      .byte.b	#%11111111	; ########
    170  ffee		       bd		      .byte.b	#%10111101	; # #### #
    171  ffef		       c3		      .byte.b	#%11000011	; ##	 ##
    172  fff0		       ff		      .byte.b	#%11111111	; ########
    173  fff1		       7e		      .byte.b	#%01111110	;  ######
    174  fff2
    175  fff2							;;;;;;;;;;;;;;;;;;;;;;;;;;;;;;;;;;;;;;;;;;;;;;;;;;;;;;;;;;;;;;;;;;;;
    176  fff2							;; Defines n array of bytes to draw the scoreboard number
    177  fff2							;; We add these bytes in the final ROM addresses
    178  fff2							;;;;;;;;;;;;;;;;;;;;;;;;;;;;;;;;;;;;;;;;;;;;;;;;;;;;;;;;;;;;;;;;;;;;
    179  fff2					      org	$FFF2
    180  fff2				   NumberBitmap
    181  fff2		       0e		      .byte.b	#%00001110	; ########
    182  fff3		       0e		      .byte.b	#%00001110	; ########
    183  fff4		       02		      .byte.b	#%00000010	;	###
    184  fff5		       02		      .byte.b	#%00000010	;	###
    185  fff6		       0e		      .byte.b	#%00001110	; ########
    186  fff7		       0e		      .byte.b	#%00001110	; ########
    187  fff8		       08		      .byte.b	#%00001000	; ###
    188  fff9		       08		      .byte.b	#%00001000	; ###
    189  fffa		       0e		      .byte.b	#%00001110	; ########
    190  fffb		       0e		      .byte.b	#%00001110	; ########
    191  fffc
    192  fffc							;;;;;;;;;;;;;;;;;;;;;;;;;;;;;;;;;;;;;;;;;;;;;;;;;;;;;;;;;;;;;;;;;;;;
    193  fffc							;; Complete ROM size
    194  fffc							;;;;;;;;;;;;;;;;;;;;;;;;;;;;;;;;;;;;;;;;;;;;;;;;;;;;;;;;;;;;;;;;;;;;
    195  fffc					      org	$FFFC
    196  fffc		       00 f0		      .word.w	Reset
    197  fffe		       00 f0		      .word.w	Reset
